"../../../SubsumptionSteering/Content/StarterContent/Materials/M_Basic_Wall.uasset" 0
"../../../SubsumptionSteering/Content/StarterContent/Architecture/Pillar_50x500.uasset" 1
"../../../SubsumptionSteering/Content/StarterContent/Architecture/SM_AssetPlatform.uasset" 2
"../../../SubsumptionSteering/Content/StarterContent/Architecture/Wall_400x300.uasset" 3
"../../../SubsumptionSteering/Content/StarterContent/Architecture/Wall_400x400.uasset" 4
"../../../SubsumptionSteering/Content/StarterContent/Architecture/Wall_500x500.uasset" 5
"../../../SubsumptionSteering/Content/StarterContent/Architecture/Wall_Door_400x300.uasset" 6
"../../../SubsumptionSteering/Content/StarterContent/Architecture/Wall_Door_400x400.uasset" 7
"../../../SubsumptionSteering/Content/StarterContent/Architecture/Wall_Window_400x300.uasset" 8
"../../../SubsumptionSteering/Content/StarterContent/Architecture/Wall_Window_400x400.uasset" 9
"../../../Engine/Content/EditorMeshes/ColorCalibrator/T_ColorGrid.uasset" 10
"../../../SubsumptionSteering/Content/StarterContent/Materials/M_ColorGrid_LowSpec.uasset" 11
"../../../SubsumptionSteering/Content/StarterContent/Textures/T_Fire_SubUV.uasset" 12
"../../../SubsumptionSteering/Content/StarterContent/Textures/T_Fire_Tiled_D.uasset" 13
"../../../SubsumptionSteering/Content/StarterContent/Particles/Materials/M_Fire_SubUV.uasset" 14
"../../../SubsumptionSteering/Content/StarterContent/Textures/T_Water_N.uasset" 15
"../../../SubsumptionSteering/Content/StarterContent/Particles/Materials/M_Heat_Distortion.uasset" 16
"../../../Engine/Content/Functions/Engine_MaterialFunctions01/Gradient/RadialGradient.uasset" 17
"../../../SubsumptionSteering/Content/StarterContent/Particles/Materials/M_Radial_Gradient.uasset" 18
"../../../SubsumptionSteering/Content/StarterContent/Textures/T_Smoke_SubUV.uasset" 19
"../../../SubsumptionSteering/Content/StarterContent/Textures/T_Smoke_Tiled_D.uasset" 20
"../../../SubsumptionSteering/Content/StarterContent/Particles/Materials/M_smoke_subUV.uasset" 21
"../../../SubsumptionSteering/Content/StarterContent/Particles/P_Fire.uasset" 22
"../../../SubsumptionSteering/Content/StarterContent/Particles/P_Steam_Lit.uasset" 23
"../../../SubsumptionSteering/Content/StarterContent/Textures/T_Burst_M.uasset" 24
"../../../SubsumptionSteering/Content/StarterContent/Particles/Materials/M_Burst.uasset" 25
"../../../SubsumptionSteering/Content/StarterContent/Shapes/Shape_Cone.uasset" 26
"../../../SubsumptionSteering/Content/StarterContent/Shapes/Shape_Cube.uasset" 27
"../../../SubsumptionSteering/Content/StarterContent/Shapes/Shape_Cylinder.uasset" 28
"../../../SubsumptionSteering/Content/StarterContent/Shapes/Shape_NarrowCapsule.uasset" 29
"../../../SubsumptionSteering/Content/StarterContent/Shapes/Shape_Pipe.uasset" 30
"../../../SubsumptionSteering/Content/StarterContent/Shapes/Shape_Pipe_180.uasset" 31
"../../../SubsumptionSteering/Content/StarterContent/Shapes/Shape_Pipe_90.uasset" 32
"../../../SubsumptionSteering/Content/StarterContent/Shapes/Shape_Plane.uasset" 33
"../../../SubsumptionSteering/Content/StarterContent/Shapes/Shape_QuadPyramid.uasset" 34
"../../../SubsumptionSteering/Content/StarterContent/Shapes/Shape_Sphere.uasset" 35
"../../../SubsumptionSteering/Content/StarterContent/Shapes/Shape_Torus.uasset" 36
"../../../SubsumptionSteering/Content/StarterContent/Shapes/Shape_Trim.uasset" 37
"../../../SubsumptionSteering/Content/StarterContent/Shapes/Shape_Trim_90_In.uasset" 38
"../../../SubsumptionSteering/Content/StarterContent/Shapes/Shape_Trim_90_Out.uasset" 39
"../../../SubsumptionSteering/Content/StarterContent/Shapes/Shape_TriPyramid.uasset" 40
"../../../SubsumptionSteering/Content/StarterContent/Shapes/Shape_Tube.uasset" 41
"../../../SubsumptionSteering/Content/StarterContent/Shapes/Shape_Wedge_A.uasset" 42
"../../../SubsumptionSteering/Content/StarterContent/Shapes/Shape_Wedge_B.uasset" 43
"../../../SubsumptionSteering/Content/StarterContent/Shapes/Shape_WideCapsule.uasset" 44
"../../../SubsumptionSteering/Content/StarterContent/Textures/T_CobbleStone_Pebble_D.uasset" 45
"../../../SubsumptionSteering/Content/StarterContent/Textures/T_CobbleStone_Pebble_M.uasset" 46
"../../../SubsumptionSteering/Content/StarterContent/Textures/T_CobbleStone_Pebble_N.uasset" 47
"../../../SubsumptionSteering/Content/StarterContent/Textures/T_CobbleStone_Rough_D.uasset" 48
"../../../SubsumptionSteering/Content/StarterContent/Textures/T_CobbleStone_Rough_N.uasset" 49
"../../../SubsumptionSteering/Content/StarterContent/Textures/T_CobbleStone_Smooth_D.uasset" 50
"../../../SubsumptionSteering/Content/StarterContent/Textures/T_CobbleStone_Smooth_M.uasset" 51
"../../../SubsumptionSteering/Content/StarterContent/Textures/T_CobbleStone_Smooth_N.uasset" 52
"../../../SubsumptionSteering/Content/StarterContent/Textures/T_Concrete_Grime_D.uasset" 53
"../../../SubsumptionSteering/Content/StarterContent/Textures/T_Concrete_Panels_D.uasset" 54
"../../../SubsumptionSteering/Content/StarterContent/Textures/T_Concrete_Panels_N.uasset" 55
"../../../SubsumptionSteering/Content/StarterContent/Textures/T_Concrete_Poured_D.uasset" 56
"../../../SubsumptionSteering/Content/StarterContent/Textures/T_Concrete_Poured_N.uasset" 57
"../../../SubsumptionSteering/Content/StarterContent/Textures/T_Concrete_Tiles_D.uasset" 58
"../../../SubsumptionSteering/Content/StarterContent/Textures/T_Concrete_Tiles_M.uasset" 59
"../../../SubsumptionSteering/Content/StarterContent/Textures/T_Concrete_Tiles_N.uasset" 60
"../../../SubsumptionSteering/Content/StarterContent/Textures/T_Concrete_Tiles_Variation_M.uasset" 61
"../../../SubsumptionSteering/Content/StarterContent/Textures/T_Door_M.uasset" 62
"../../../SubsumptionSteering/Content/StarterContent/Textures/T_Door_N.uasset" 63
"../../../SubsumptionSteering/Content/StarterContent/Textures/T_Dust_Particle_D.uasset" 64
"../../../SubsumptionSteering/Content/StarterContent/Textures/T_Explosion_SubUV.uasset" 65
"../../../SubsumptionSteering/Content/StarterContent/Textures/T_Frame_M.uasset" 66
"../../../SubsumptionSteering/Content/StarterContent/Textures/T_Frame_N.uasset" 67
"../../../SubsumptionSteering/Content/StarterContent/Textures/T_Gradinet_01.uasset" 68
"../../../SubsumptionSteering/Content/StarterContent/Textures/T_Ground_Grass_D.uasset" 69
"../../../SubsumptionSteering/Content/StarterContent/Textures/T_Ground_Grass_N.uasset" 70
"../../../SubsumptionSteering/Content/StarterContent/Textures/T_Ground_Gravel_D.uasset" 71
"../../../SubsumptionSteering/Content/StarterContent/Textures/T_Ground_Gravel_N.uasset" 72
"../../../SubsumptionSteering/Content/StarterContent/Textures/T_ground_Moss_D.uasset" 73
"../../../SubsumptionSteering/Content/StarterContent/Textures/T_Ground_Moss_N.uasset" 74
"../../../SubsumptionSteering/Content/StarterContent/Textures/T_Lamp_M.uasset" 75
"../../../SubsumptionSteering/Content/StarterContent/Textures/T_Lamp_N.uasset" 76
"../../../SubsumptionSteering/Content/StarterContent/Textures/T_Metal_Aluminum_D.uasset" 77
"../../../SubsumptionSteering/Content/StarterContent/Textures/T_Perlin_Noise_M.uasset" 78
"../../../SubsumptionSteering/Content/StarterContent/Textures/T_Spark_Core.uasset" 79
"../../../SubsumptionSteering/Content/StarterContent/Textures/T_Statue_M.uasset" 80
"../../../SubsumptionSteering/Content/StarterContent/Textures/T_Statue_N.uasset" 81
"../../../Engine/Content/Functions/Engine_MaterialFunctions01/Opacity/CameraDepthFade.uasset" 82
"../../../Engine/Content/EngineMaterials/T_Default_Material_Grid_M.uasset" 83
"../../../Engine/Content/EngineMaterials/T_Default_Material_Grid_N.uasset" 84
"../../../Engine/Content/EngineMaterials/DefaultMaterial.uasset" 85
"../../../Engine/Content/BasicShapes/Cylinder.uasset" 86
"../../../Engine/Content/EngineMaterials/WorldGridMaterial.uasset" 87
"../../../Engine/Content/BasicShapes/Plane.uasset" 88
"../../../Engine/Content/BasicShapes/Sphere.uasset" 89
"../../../Engine/Content/EditorLandscapeResources/DataLayer.uasset" 90
"../../../Engine/Content/EditorMaterials/GizmoMaterial.uasset" 91
"../../../Engine/Content/EditorMaterials/MAT_Groups_Toggle.uasset" 92
"../../../Engine/Content/EditorMaterials/MAT_Groups_Visibility.uasset" 93
"../../../Engine/Content/EditorMaterials/PreviewShadowIndicator.uasset" 94
"../../../Engine/Content/EditorMaterials/PreviewShadowIndicatorMaterial.uasset" 95
"../../../Engine/Content/EditorMaterials/AssetViewer/EpicQuadPanorama_CC+EV1.uasset" 96
"../../../Engine/Content/EditorMaterials/MatineeGroups/MAT_ColorTrack.uasset" 97
"../../../Engine/Content/EditorMaterials/MatineeGroups/MAT_Groups_Anim.uasset" 98
"../../../Engine/Content/EditorMaterials/MatineeGroups/MAT_Groups_AudioMaster.uasset" 99
"../../../Engine/Content/EditorMaterials/MatineeGroups/MAT_Groups_Director.uasset" 100
"../../../Engine/Content/EditorMaterials/MatineeGroups/MAT_Groups_Event.uasset" 101
"../../../Engine/Content/EditorMaterials/MatineeGroups/MAT_Groups_Fade.uasset" 102
"../../../Engine/Content/EditorMaterials/MatineeGroups/MAT_Groups_Float.uasset" 103
"../../../Engine/Content/EditorMaterials/MatineeGroups/MAT_Groups_Move.uasset" 104
"../../../Engine/Content/EditorMaterials/MatineeGroups/MAT_Groups_Slomo.uasset" 105
"../../../Engine/Content/EditorMaterials/MatineeGroups/MAT_Groups_Sound.uasset" 106
"../../../Engine/Content/EditorMaterials/MatineeGroups/MAT_Groups_Vector.uasset" 107
"../../../Engine/Content/EditorMaterials/ParticleSystems/PSysThumbnail_NoImage.uasset" 108
"../../../Engine/Content/EditorMaterials/ParticleSystems/PSysThumbnail_OOD.uasset" 109
"../../../Engine/Content/EditorMaterials/Camera/CineMat.uasset" 110
"../../../Engine/Content/EditorMaterials/Camera/MI_CineMat_Rig.uasset" 111
"../../../Engine/Content/EditorMeshes/Camera/SM_CraneRig_Arm.uasset" 112
"../../../Engine/Content/EditorMeshes/Camera/SM_CraneRig_Base.uasset" 113
"../../../Engine/Content/EditorMeshes/Camera/SM_CraneRig_Body.uasset" 114
"../../../Engine/Content/EditorMeshes/Camera/SM_CraneRig_Mount.uasset" 115
"../../../Engine/Content/EditorMeshes/Camera/SM_RailRig_Mount.uasset" 116
"../../../Engine/Content/EditorMeshes/Camera/SM_RailRig_Track.uasset" 117
"../../../Engine/Content/EditorMeshes/ColorCalibrator/M_ChromeBall.uasset" 118
"../../../Engine/Content/EditorMeshes/ColorCalibrator/M_ClearCoat.uasset" 119
"../../../Engine/Content/EditorMeshes/ColorCalibrator/M_ClearCoatBlack.uasset" 120
"../../../Engine/Content/EditorMeshes/ColorCalibrator/M_ColorGrid.uasset" 121
"../../../Engine/Content/EditorMeshes/ColorCalibrator/M_GreyBall.uasset" 122
"../../../Engine/Content/EditorMeshes/ColorCalibrator/SM_ColorCalibrator.uasset" 123
"../../../Engine/Content/EditorResources/BSPVertex.uasset" 124
"../../../Engine/Content/EditorResources/EmptyActor.uasset" 125
"../../../Engine/Content/EditorResources/S_Actor.uasset" 126
"../../../Engine/Content/EditorResources/S_Trigger.uasset" 127
"../../../Engine/Content/EditorResources/AudioIcons/S_AudioComponent_AutoActivate.uasset" 128
"../../../Engine/Content/EditorResources/LightIcons/S_LightError.uasset" 129
"../../../Engine/Content/EditorResources/SequenceRecorder/Countdown.uasset" 130
"../../../Engine/Content/EditorResources/SequenceRecorder/RecordingIndicator.uasset" 131
"../../../Engine/Content/EditorSounds/Notifications/CompileFailed.uasset" 132
"../../../Engine/Content/EditorSounds/Notifications/CompileFailed_Cue.uasset" 133
"../../../Engine/Content/EditorSounds/Notifications/CompileSuccess.uasset" 134
"../../../Engine/Content/EditorSounds/Notifications/CompileStart_Cue.uasset" 135
"../../../Engine/Content/EditorSounds/Notifications/CompileSuccess_Cue.uasset" 136
"../../../Engine/Content/EngineDamageTypes/DmgTypeBP_Environmental.uasset" 137
"../../../Engine/Content/EngineDebugMaterials/HeatmapGradient.uasset" 138
"../../../Engine/Content/EngineDebugMaterials/BoneWeightMaterial.uasset" 139
"../../../Engine/Content/EngineDebugMaterials/ClothMaterial.uasset" 140
"../../../Engine/Content/EngineDebugMaterials/ClothMaterial_WF.uasset" 141
"../../../Engine/Content/EngineDebugMaterials/DebugEditorMaterial.uasset" 142
"../../../Engine/Content/EngineDebugMaterials/DebugMeshMaterial.uasset" 143
"../../../Engine/Content/EngineDebugMaterials/GeomMaterial.uasset" 144
"../../../Engine/Content/EngineFonts/Faces/RobotoBold.uasset" 145
"../../../Engine/Content/EngineFonts/Faces/RobotoBoldItalic.uasset" 146
"../../../Engine/Content/EngineFonts/Faces/RobotoItalic.uasset" 147
"../../../Engine/Content/EngineFonts/Faces/RobotoLight.uasset" 148
"../../../Engine/Content/EngineFonts/Faces/RobotoRegular.uasset" 149
"../../../Engine/Content/EngineFonts/Roboto.uasset" 150
"../../../Engine/Content/EngineFonts/Faces/RobotoTiny.uasset" 151
"../../../Engine/Content/EngineFonts/RobotoTiny.uasset" 152
"../../../Engine/Content/EngineMaterials/DefaultBloomKernel.uasset" 153
"../../../Engine/Content/EngineMaterials/DefaultBokeh.uasset" 154
"../../../Engine/Content/EngineMaterials/DefaultDiffuse.uasset" 155
"../../../Engine/Content/EngineMaterials/DefaultDeferredDecalMaterial.uasset" 156
"../../../Engine/Content/EngineMaterials/DefaultLightFunctionMaterial.uasset" 157
"../../../Engine/Content/EngineMaterials/DefaultPhysicalMaterial.uasset" 158
"../../../Engine/Content/Functions/Engine_MaterialFunctions02/Utility/BreakOutFloat2Components.uasset" 159
"../../../Engine/Content/EngineMaterials/DefaultPostProcessMaterial.uasset" 160
"../../../Engine/Content/EngineFonts/RobotoDistanceField.uasset" 161
"../../../Engine/Content/EngineMaterials/DefaultTextMaterialOpaque.uasset" 162
"../../../Engine/Content/EngineMaterials/DefaultWhiteGrid.uasset" 163
"../../../Engine/Content/EngineMaterials/EditorBrushMaterial.uasset" 164
"../../../Engine/Content/EngineMaterials/Good64x64TilingNoiseHighFreq.uasset" 165
"../../../Engine/Content/EngineMaterials/MiniFont.uasset" 166
"../../../Engine/Content/EngineMaterials/InvalidLightmapSettings.uasset" 167
"../../../Engine/Content/EngineMaterials/M_InvalidLightmapSettings.uasset" 168
"../../../Engine/Content/EngineMaterials/PhAT_JointLimitMaterial.uasset" 169
"../../../Engine/Content/EngineMaterials/PreintegratedSkinBRDF.uasset" 170
"../../../Engine/Content/EngineMaterials/RemoveSurfaceMaterial.uasset" 171
"../../../Engine/Content/EngineMaterials/WeightMapPlaceholderTexture.uasset" 172
"../../../Engine/Content/EngineResources/WhiteSquareTexture.uasset" 173
"../../../Engine/Content/EngineMaterials/Widget3DPassThrough.uasset" 174
"../../../Engine/Content/EngineMaterials/Widget3DPassThrough_Masked.uasset" 175
"../../../Engine/Content/EngineMaterials/Widget3DPassThrough_Opaque.uasset" 176
"../../../Engine/Content/EngineMaterials/Widget3DPassThrough_Masked_OneSided.uasset" 177
"../../../Engine/Content/EngineMaterials/Widget3DPassThrough_Opaque_OneSided.uasset" 178
"../../../Engine/Content/EngineMaterials/Widget3DPassThrough_Translucent.uasset" 179
"../../../Engine/Content/EngineMaterials/Widget3DPassThrough_Translucent_OneSided.uasset" 180
"../../../Engine/Content/EngineMeshes/Cube.uasset" 181
"../../../Engine/Content/EngineMeshes/Cylinder.uasset" 182
"../../../Engine/Content/EngineMeshes/Sphere.uasset" 183
"../../../Engine/Content/EngineResources/Black.uasset" 184
"../../../Engine/Content/EngineResources/DefaultTexture.uasset" 185
"../../../Engine/Content/EngineResources/DefaultTextureCube.uasset" 186
"../../../Engine/Content/EngineResources/GradientTexture0.uasset" 187
"../../../Engine/Content/EngineSounds/Master.uasset" 188
"../../../Engine/Content/Functions/Engine_MaterialFunctions01/Shading/ConvertFromDiffSpec.uasset" 189
"../../../Engine/Content/Functions/Engine_MaterialFunctions01/Shading/PowerToRoughness.uasset" 190
"../../../Engine/Content/Maps/Templates/Thumbnails/Default.uasset" 191
"../../../Engine/Content/Maps/Templates/Thumbnails/VR-Basic.uasset" 192
"../../../Engine/Content/MobileResources/T_MobileControls_texture.uasset" 193
"../../../Engine/Content/MobileResources/T_MobileMenu2.uasset" 194
"../../../Engine/Content/MobileResources/HUD/AnalogHat.uasset" 195
"../../../Engine/Content/MobileResources/HUD/VirtualJoystick_Background.uasset" 196
"../../../Engine/Content/MobileResources/HUD/VirtualJoystick_Thumb.uasset" 197
"../../../Engine/Content/MobileResources/HUD/DefaultVirtualJoysticks.uasset" 198
"../../../Engine/Content/MobileResources/HUD/LeftVirtualJoystickOnly.uasset" 199
"../../../Engine/Content/MobileResources/HUD/MobileHUDButton1_off.uasset" 200
"../../../Engine/Content/MobileResources/HUD/MobileHUDButton1_on.uasset" 201
"../../../Engine/Content/MobileResources/HUD/MobileHUDButton2_off.uasset" 202
"../../../Engine/Content/MobileResources/HUD/MobileHUDButton2_on.uasset" 203
"../../../Engine/Content/MobileResources/HUD/MobileHUDButton3.uasset" 204
"../../../Engine/Content/MobileResources/HUD/MobileHUDButtonFire.uasset" 205
"../../../Engine/Content/MobileResources/HUD/MobileHUDDirectionPad.uasset" 206
"../../../Engine/Content/MobileResources/HUD/MobileHUDDirectionPad2.uasset" 207
"../../../Engine/Content/MobileResources/HUD/MobileHUDDirectionPad3.uasset" 208
"../../../Engine/Content/MobileResources/HUD/MobileHUDDirectionStick.uasset" 209
"../../../Engine/Content/MobileResources/HUD/T_Castle_ThumbstickInner.uasset" 210
"../../../Engine/Content/MobileResources/HUD/T_Castle_ThumbstickOutter.uasset" 211
"../../../Engine/Content/Tutorial/ContentIntroCurve.uasset" 212
"../../../Engine/Content/Tutorial/Basics/TutorialAssets/icon_tab_Levels_40x.uasset" 213
"../../../Engine/Content/Tutorial/BlueprintTutorials/TutorialAssets/BlueprintInterface_64x.uasset" 214
"../../../Engine/Content/Tutorial/BlueprintTutorials/TutorialAssets/BlueprintMacroLibrary_64x.uasset" 215
"../../../Engine/Content/Tutorial/BlueprintTutorials/TutorialAssets/Blueprint_64x.uasset" 216
"../../../Engine/Content/Tutorial/BlueprintTutorials/TutorialAssets/Tutorial_BP_Interface.uasset" 217
"../../../Engine/Content/Tutorial/Foliage/TutorialAssets/Foliage.uasset" 218
"../../../Engine/Content/Tutorial/Landscape/TutorialAssets/Landscape.uasset" 219
"../../../Engine/Content/Tutorial/Paper2D/TutorialAssets/Paper2DFlipbook_TutorialIcon.uasset" 220
"../../../Engine/Content/Tutorial/Paper2D/TutorialAssets/Paper2DSprite_TutorialIcon.uasset" 221
"../../../Engine/Content/Tutorial/SubEditors/TutorialAssets/icon_Editor_Preferences_General_40x.uasset" 222
"../../../Engine/Content/Tutorial/SubEditors/TutorialAssets/icon_ShowSkeletalMeshes_40x.uasset" 223
"../../../Engine/Content/Tutorial/SubEditors/TutorialAssets/TutorialMaterial.uasset" 224
"../../../Engine/Content/Tutorial/SubEditors/TutorialAssets/T_SmokeSubUV_8X8.uasset" 225
"../../../Engine/Content/Tutorial/SubEditors/TutorialAssets/T_soft_smoke.uasset" 226
"../../../Engine/Content/Tutorial/SubEditors/TutorialAssets/M_smoke_subUV_blackbody.uasset" 227
"../../../Engine/Content/Tutorial/SubEditors/TutorialAssets/TutorialParticleSystem.uasset" 228
"../../../Engine/Content/EditorMeshes/EditorCube.uasset" 229
"../../../Engine/Content/Tutorial/SubEditors/TutorialAssets/Tutorial_DM.uasset" 230
"../../../Engine/Content/VREditor/Devices/Generic/GenericHMDMaterial.uasset" 231
"../../../Engine/Content/VREditor/Devices/Generic/GenericHMD.uasset" 232
"../../../Engine/Content/VREditor/FloatingText/LineMaterial.uasset" 233
"../../../Engine/Content/VREditor/FloatingText/JointSphere.uasset" 234
"../../../Engine/Content/VREditor/FloatingText/LineSegmentCylinder.uasset" 235
"../../../Engine/Content/VREditor/Fonts/VRText_RobotoLarge.uasset" 236
"../../../Engine/Content/VREditor/Fonts/VRTextMaterial.uasset" 237
"../../../Engine/Content/VREditor/Fonts/TranslucentVRTextMaterial.uasset" 238
"../../../Engine/Content/VREditor/LaserPointer/CursorPointer.uasset" 239
"../../../Engine/Content/VREditor/LaserPointer/VR_LaserPower_01.uasset" 240
"../../../Engine/Content/VREditor/TransformGizmo/TransformGizmoMaterial.uasset" 241
"../../../Engine/Content/VREditor/LaserPointer/HoverMaterial.uasset" 242
"../../../Engine/Content/VREditor/TransformGizmo/TranslucentTransformGizmoMaterial.uasset" 243
"../../../Engine/Content/VREditor/LaserPointer/TranslucentHoverMaterial.uasset" 244
"../../../Engine/Content/VREditor/LaserPointer/HoverMesh.uasset" 245
"../../../Engine/Content/VREditor/LaserPointer/LaserPointerMaterial.uasset" 246
"../../../Engine/Content/VREditor/LaserPointer/LaserPointerMaterialInst.uasset" 247
"../../../Engine/Content/VREditor/LaserPointer/TranslucentLaserPointerMaterialInst.uasset" 248
"../../../Engine/Content/VREditor/LaserPointer/LaserPointerMesh.uasset" 249
"../../../Engine/Content/VREditor/LaserPointer/LaserPointerMesh_End.uasset" 250
"../../../Engine/Content/VREditor/LaserPointer/LaserPointerMesh_Start.uasset" 251
"../../../Engine/Content/Functions/Engine_MaterialFunctions02/Utility/BreakOutFloat3Components.uasset" 252
"../../../Engine/Content/Functions/Engine_MaterialFunctions02/Math/Transform3x3Matrix.uasset" 253
"../../../Engine/Content/Functions/Engine_MaterialFunctions02/SplitComponents.uasset" 254
"../../../Engine/Content/Functions/Engine_MaterialFunctions02/Utility/MakeFloat3.uasset" 255
"../../../Engine/Content/VREditor/SnapGrid/SnapGridMaterial.uasset" 256
"../../../Engine/Content/VREditor/SnapGrid/SnapGridPlaneMesh.uasset" 257
"../../../Engine/Content/VREditor/Sounds/VR_teleport.uasset" 258
"../../../Engine/Content/VREditor/Sounds/UI/Click_on_Button_Cue.uasset" 259
"../../../Engine/Content/VREditor/Sounds/UI/Dockable_Window_Close.uasset" 260
"../../../Engine/Content/VREditor/Sounds/UI/Dockable_Window_Drop.uasset" 261
"../../../Engine/Content/VREditor/Sounds/UI/Dockable_Window_Open.uasset" 262
"../../../Engine/Content/VREditor/Sounds/UI/Dockable_Window_Pick_Up.uasset" 263
"../../../Engine/Content/VREditor/Sounds/UI/Drop_Item_From_ContentBrowser.uasset" 264
"../../../Engine/Content/VREditor/Sounds/UI/Floating_UI_Open-001.uasset" 265
"../../../Engine/Content/VREditor/Sounds/UI/Gizmo_Handle_Clicked.uasset" 266
"../../../Engine/Content/VREditor/Sounds/UI/Object_PickUp.uasset" 267
"../../../Engine/Content/VREditor/Sounds/UI/Object_Snaps_To_Another_Actor.uasset" 268
"../../../Engine/Content/VREditor/Sounds/UI/Object_Snaps_To_Grid.uasset" 269
"../../../Engine/Content/VREditor/Sounds/UI/Radial_Menu_FadeOut.uasset" 270
"../../../Engine/Content/VREditor/Sounds/UI/Scaling_Down.uasset" 271
"../../../Engine/Content/VREditor/Sounds/UI/Scaling_Up.uasset" 272
"../../../Engine/Content/VREditor/Sounds/UI/Selection_Changes.uasset" 273
"../../../Engine/Content/VREditor/Sounds/UI/Teleport_Mode_Entered.uasset" 274
"../../../Engine/Content/VREditor/Teleport/TeleportDirectionMaterial.uasset" 275
"../../../Engine/Content/VREditor/Teleport/TeleportDirectionMaterial_Inst.uasset" 276
"../../../Engine/Content/VREditor/Teleport/TeleportDirectionMesh.uasset" 277
"../../../Engine/Content/VREditor/TransformGizmo/BoundingBoxCorner.uasset" 278
"../../../Engine/Content/VREditor/TransformGizmo/BoundingBoxEdge.uasset" 279
"../../../Engine/Content/VREditor/TransformGizmo/PlaneTranslationHandle.uasset" 280
"../../../Engine/Content/VREditor/TransformGizmo/RotationHandleFull.uasset" 281
"../../../Engine/Content/VREditor/TransformGizmo/RotationHandleIndicator.uasset" 282
"../../../Engine/Content/VREditor/TransformGizmo/RotationHandleQuarter.uasset" 283
"../../../Engine/Content/VREditor/TransformGizmo/Main.uasset" 284
"../../../Engine/Content/VREditor/TransformGizmo/Xray.uasset" 285
"../../../Engine/Content/VREditor/TransformGizmo/SM_Dialog_Close.uasset" 286
"../../../Engine/Content/VREditor/TransformGizmo/SM_Dialog_Move.uasset" 287
"../../../Engine/Content/VREditor/TransformGizmo/SM_Sequencer_Key.uasset" 288
"../../../Engine/Content/VREditor/TransformGizmo/StartRotationHandleIndicator.uasset" 289
"../../../Engine/Content/VREditor/TransformGizmo/TranslucentTransformGizmoMaterial_Inst.uasset" 290
"../../../Engine/Content/VREditor/TransformGizmo/TransformGizmoFreeRotation.uasset" 291
"../../../Engine/Content/VREditor/TransformGizmo/TransformGizmoMaterial_Inst.uasset" 292
"../../../Engine/Content/VREditor/TransformGizmo/TranslateArrowHandle.uasset" 293
"../../../Engine/Content/VREditor/TransformGizmo/UniformScaleHandle.uasset" 294
"../../../Engine/Content/VREditor/UI/KeyDiskMaterial.uasset" 295
"../../../Engine/Content/VREditor/UI/DiscMaterial.uasset" 296
"../../../Engine/Content/VREditor/UI/SM_Radial_Disk.uasset" 297
"../../../Engine/Content/VREditor/WorldMovementGrid/SimpleGrid.uasset" 298
"../../../Engine/Content/VREditor/WorldMovementGrid/GridMaterial.uasset" 299
"../../../Engine/Content/Functions/Engine_MaterialFunctions01/Density/ExponentialDensity.uasset" 300
"../../../Engine/Content/VREditor/WorldMovementGrid/GridPostProcess.uasset" 301
"../../../Engine/Content/EditorLandscapeResources/FlattenHeightMat.uasset" 302
"../../../Engine/Content/VREditor/WorldMovementGrid/PlaneMesh.uasset" 303
"../../../Engine/Plugins/2D/Paper2D/Content/PlaceholderTextures/DummySpriteTexture.uasset" 304
"../../../Engine/Plugins/2D/Paper2D/Content/DummySprite.uasset" 305
"../../../Engine/Plugins/2D/Paper2D/Content/DefaultPaperTerrainMaterial.uasset" 306
"../../../Engine/Plugins/2D/Paper2D/Content/DefaultSpriteMaterial.uasset" 307
"../../../Engine/Plugins/2D/Paper2D/Content/MaskedUnlitSpriteMaterial.uasset" 308
"../../../Engine/Plugins/2D/Paper2D/Content/OpaqueUnlitSpriteMaterial.uasset" 309
"../../../Engine/Plugins/Runtime/Oculus/OculusVR/Content/Textures/GearVRController_AO.uasset" 310
"../../../Engine/Plugins/Runtime/Oculus/OculusVR/Content/Textures/GearVRController_Color.uasset" 311
"../../../Engine/Plugins/Runtime/Oculus/OculusVR/Content/Textures/GearVRController_Normal.uasset" 312
"../../../Engine/Plugins/Runtime/Oculus/OculusVR/Content/Materials/GearVRControllerMaterial.uasset" 313
"../../../Engine/Plugins/Runtime/Oculus/OculusVR/Content/Meshes/GearVrController.uasset" 314
"../../../Engine/Content/EditorBlueprintResources/StandardMacros.uasset" 315
"../../../Engine/Content/EngineSky/C_Sky_Cloud_Color.uasset" 316
"../../../Engine/Content/EngineSky/C_Sky_Horizon_Color.uasset" 317
"../../../Engine/Content/EngineSky/C_Sky_Zenith_Color.uasset" 318
"../../../Engine/Content/EngineSky/T_Sky_Blue.uasset" 319
"../../../Engine/Content/EngineSky/T_Sky_Clouds_M.uasset" 320
"../../../Engine/Content/EngineSky/T_Sky_Stars.uasset" 321
"../../../Engine/Content/EngineSky/M_Sky_Panning_Clouds2.uasset" 322
"../../../Engine/Content/EngineSky/SM_SkySphere.uasset" 323
"../../../Engine/Content/EngineSky/BP_Sky_Sphere.uasset" 324
"../../../SubsumptionSteering/Content/StarterContent/Maps/Minimal_Default_BuiltData.uasset" 325
"../../../Engine/Content/BasicShapes/BasicShapeMaterial.uasset" 326
"../../../SubsumptionSteering/Content/StarterContent/Textures/T_Brick_Hewn_Stone_D.uasset" 327
"../../../SubsumptionSteering/Content/StarterContent/Textures/T_Brick_Hewn_Stone_M.uasset" 328
"../../../SubsumptionSteering/Content/StarterContent/Textures/T_Brick_Hewn_Stone_N.uasset" 329
"../../../SubsumptionSteering/Content/StarterContent/Textures/T_Detail_Rocky_N.uasset" 330
"../../../SubsumptionSteering/Content/StarterContent/Textures/T_MacroVariation.uasset" 331
"../../../SubsumptionSteering/Content/StarterContent/Materials/M_Brick_Hewn_Stone.uasset" 332
"../../../SubsumptionSteering/Content/StarterContent/Textures/T_Metal_Copper_D.uasset" 333
"../../../SubsumptionSteering/Content/StarterContent/Textures/T_Metal_Gold_N.uasset" 334
"../../../SubsumptionSteering/Content/StarterContent/Materials/M_Metal_Copper.uasset" 335
"../../../Engine/Content/BasicShapes/Cone.uasset" 336
"../../../Engine/Content/BasicShapes/Cube.uasset" 337
"../../../SubsumptionSteering/Content/StarterContent/Architecture/Floor_400x400.uasset" 338
"../../../SubsumptionSteering/Content/StarterContent/Architecture/Wall_400x200.uasset" 339
"../../../SubsumptionSteering/Content/StarterContent/Audio/Starter_Background_Cue.uasset" 340
"../../../SubsumptionSteering/Content/StarterContent/Maps/Minimal_Default.umap" 341
"../../../Engine/Content/Maps/Entry.umap" 342
